<?xml version="1.0" encoding="UTF-8"?>
<!-- Generated by org.testng.reporters.JUnitReportReporter -->
<testsuite hostname="Hemant-Agrawal" failures="0" tests="1" name="workpulseapi.AddBookTask" time="3.470" errors="0" timestamp="2024-02-26T16:19:37 IST" skipped="0">
  <testcase classname="workpulseapi.AddBookTask" name="addbooktask" time="3.470"/>
</testsuite> <!-- workpulseapi.AddBookTask -->
