<?xml version="1.0" encoding="UTF-8"?>
<!-- Generated by org.testng.reporters.JUnitReportReporter -->
<testsuite hostname="Hemant-Agrawal" failures="0" tests="1" name="workpulseapi.AddBookTask" time="5.297" errors="0" timestamp="2024-02-28T19:12:25 IST" skipped="0">
  <testcase classname="workpulseapi.AddBookTask" name="addbooktask" time="5.297"/>
</testsuite> <!-- workpulseapi.AddBookTask -->
