<?xml version="1.0" encoding="UTF-8"?>
<!-- Generated by org.testng.reporters.JUnitReportReporter -->
<testsuite hostname="Hemant-Agrawal" failures="0" tests="3" name="workpulseapi.AddBookTask" time="9.845" errors="0" timestamp="2024-03-21T16:54:27 IST" skipped="0">
  <testcase classname="workpulseapi.AddBookTask" name="addbooktask" time="5.279"/>
  <testcase classname="workpulseapi.AddBookTask" name="addlocation" time="1.912"/>
  <testcase classname="workpulseapi.AddBookTask" name="updatebooktaskwithschedule" time="2.654"/>
</testsuite> <!-- workpulseapi.AddBookTask -->
