<?xml version="1.0" encoding="UTF-8"?>
<!-- Generated by org.testng.reporters.JUnitReportReporter -->
<testsuite hostname="Hemant-Agrawal" failures="0" tests="1" name="workpulseapi.JournalNote" time="4.182" errors="0" timestamp="2024-02-29T17:18:25 IST" skipped="0">
  <testcase classname="workpulseapi.JournalNote" name="addjournalnote" time="4.182"/>
</testsuite> <!-- workpulseapi.JournalNote -->
