<?xml version="1.0" encoding="UTF-8"?>
<!-- Generated by org.testng.reporters.JUnitReportReporter -->
<testsuite hostname="Hemant-Agrawal" failures="0" tests="4" name="workpulseapi.AddAuditForm" time="9.668" errors="0" timestamp="2024-03-05T18:47:00 IST" skipped="0">
  <testcase classname="workpulseapi.AddAuditForm" name="addauditform" time="4.141"/>
  <testcase classname="workpulseapi.AddAuditForm" name="addformquestion" time="1.872"/>
  <testcase classname="workpulseapi.AddAuditForm" name="assignlocation" time="1.750"/>
  <testcase classname="workpulseapi.AddAuditForm" name="auditformsubmission" time="1.905"/>
</testsuite> <!-- workpulseapi.AddAuditForm -->
