<?xml version="1.0" encoding="UTF-8"?>
<!-- Generated by org.testng.reporters.JUnitReportReporter -->
<testsuite hostname="Hemant-Agrawal" failures="0" tests="3" name="workpulseapi.AddBookTask" time="102.292" errors="0" timestamp="2024-03-06T17:01:21 IST" skipped="0">
  <testcase classname="workpulseapi.AddBookTask" name="addbooktask" time="5.101"/>
  <testcase classname="workpulseapi.AddBookTask" name="addlocation" time="1.745"/>
  <testcase classname="workpulseapi.AddBookTask" name="updatebooktaskwithschedule" time="95.446"/>
</testsuite> <!-- workpulseapi.AddBookTask -->
