<?xml version="1.0" encoding="UTF-8"?>
<!-- Generated by org.testng.reporters.JUnitReportReporter -->
<testsuite hostname="Hemant-Agrawal" failures="0" tests="1" name="workpulseapi.AddDeskTicket" time="6.366" errors="0" timestamp="2024-02-26T16:19:37 IST" skipped="0">
  <testcase classname="workpulseapi.AddDeskTicket" name="addnetworkdeskticket" time="6.366"/>
</testsuite> <!-- workpulseapi.AddDeskTicket -->
