<?xml version="1.0" encoding="UTF-8"?>
<!-- Generated by org.testng.reporters.JUnitReportReporter -->
<testsuite hostname="Hemant-Agrawal" failures="0" tests="1" name="workpulseapi.AddAssessmentSchedule" time="47.561" errors="0" timestamp="2024-03-11T19:50:59 IST" skipped="0">
  <testcase classname="workpulseapi.AddAssessmentSchedule" name="addassessmentschedule" time="47.561"/>
</testsuite> <!-- workpulseapi.AddAssessmentSchedule -->
