<?xml version="1.0" encoding="UTF-8"?>
<!-- Generated by org.testng.reporters.JUnitReportReporter -->
<testsuite hostname="Hemant-Agrawal" failures="0" tests="1" name="workpulseapi.AddAuditForm" time="4.102" errors="0" timestamp="2024-02-27T17:22:19 IST" skipped="0">
  <testcase classname="workpulseapi.AddAuditForm" name="addauditform" time="4.102"/>
</testsuite> <!-- workpulseapi.AddAuditForm -->
