<?xml version="1.0" encoding="UTF-8"?>
<!-- Generated by org.testng.reporters.JUnitReportReporter -->
<testsuite hostname="Hemant-Agrawal" failures="0" tests="5" name="workpulseapi.AddAuditForm" time="13.732" errors="0" timestamp="2024-03-06T19:40:55 IST" skipped="0">
  <testcase classname="workpulseapi.AddAuditForm" name="addauditform" time="4.385"/>
  <testcase classname="workpulseapi.AddAuditForm" name="addformquestion" time="2.665"/>
  <testcase classname="workpulseapi.AddAuditForm" name="assignlocation" time="2.209"/>
  <testcase classname="workpulseapi.AddAuditForm" name="auditformsubmission" time="2.572"/>
  <testcase classname="workpulseapi.AddAuditForm" name="markinactiveauditform" time="1.901"/>
</testsuite> <!-- workpulseapi.AddAuditForm -->
