<?xml version="1.0" encoding="UTF-8"?>
<!-- Generated by org.testng.reporters.JUnitReportReporter -->
<testsuite hostname="Hemant-Agrawal" failures="0" tests="1" name="workpulseapi.AddDeskTicket" time="5.997" errors="0" timestamp="2024-03-20T17:09:40 IST" skipped="0">
  <testcase classname="workpulseapi.AddDeskTicket" name="addnetworkdeskticket" time="5.997"/>
</testsuite> <!-- workpulseapi.AddDeskTicket -->
