<?xml version="1.0" encoding="UTF-8"?>
<!-- Generated by org.testng.reporters.JUnitReportReporter -->
<testsuite hostname="Hemant-Agrawal" failures="0" tests="2" name="workpulseapi.AddAuditForm" time="5.755" errors="0" timestamp="2024-02-28T17:51:51 IST" skipped="0">
  <testcase classname="workpulseapi.AddAuditForm" name="addauditform" time="3.648"/>
  <testcase classname="workpulseapi.AddAuditForm" name="addformquestion" time="2.107"/>
</testsuite> <!-- workpulseapi.AddAuditForm -->
